<?xml version="1.0" encoding="UTF-8"?>
<Site BuildName="(empty)"
	BuildStamp="20230926-0358-Experimental"
	Name="RedmiBook-Pro-15"
	Generator="ctest-3.27.6"
	CompilerName="/usr/lib/llvm-16/bin/clang++"
	CompilerVersion="16.0.6"
	OSName="Linux"
	Hostname="RedmiBook-Pro-15"
	OSRelease="5.15.90.1-microsoft-standard-WSL2"
	OSVersion="#1 SMP Fri Jan 27 02:56:13 UTC 2023"
	OSPlatform="x86_64"
	Is64Bits="1"
	VendorString="GenuineIntel"
	VendorID="Intel Corporation"
	FamilyID="6"
	ModelID="140"
	ProcessorCacheSize="8192"
	NumberOfLogicalCPU="8"
	NumberOfPhysicalCPU="4"
	TotalVirtualMemory="2048"
	TotalPhysicalMemory="7835"
	LogicalProcessorsPerPhysical="2"
	ProcessorClockFrequency="3110.4"
	>
	<Testing>
		<StartDateTime>Sep 26 13:12 CST</StartDateTime>
		<StartTestTime>1695705162</StartTestTime>
		<TestList/>
		<EndDateTime>Sep 26 13:12 CST</EndDateTime>
		<EndTestTime>1695705162</EndTestTime>
		<ElapsedMinutes>0</ElapsedMinutes>
	</Testing>
</Site>
